<?xml version="1.0" encoding="UTF-8"?>
<testsuite xmlns:xsi="http://www.w3.org/2001/XMLSchema-instance" xsi:noNamespaceSchemaLocation="https://maven.apache.org/surefire/maven-surefire-plugin/xsd/surefire-test-report-3.0.xsd" version="3.0" name="StepDefinition.TestRunner" time="136.084" tests="16" errors="0" skipped="0" failures="0">
  <properties>
[...]
</properties>
  <testcase name="Successful login" classname="Checking user login" time="9.534">
    <system-out><![CDATA[
Scenario: Successful login                                 &amp#27;[90m# src/test/resources/features/01Bstacksignup.feature:2&amp#27;[0m
  &amp#27;[32mGiven &amp#27;[0m&amp#27;[32mBstack website should be opened in default browser&amp#27;[0m &amp#27;[90m# StepDefinition.Login.bstack_website_should_be_opened_in_default_browser()&amp#27;[0m
  &amp#27;[32mAnd &amp#27;[0m&amp#27;[32mClick on signin link and add username and password&amp#27;[0m   &amp#27;[90m# StepDefinition.Login.click_on_signin_link_and_add_username_and_password()&amp#27;[0m
Login Successful
  &amp#27;[32mThen &amp#27;[0m&amp#27;[32mclick on login button&amp#27;[0m                               &amp#27;[90m# StepDefinition.Login.click_on_login_button()&amp#27;[0m
]]></system-out>
    <system-err><![CDATA[Sep 03, 2025 4:39:20 PM org.openqa.selenium.devtools.CdpVersionFinder findNearestMatch
WARNING: Unable to find CDP implementation matching 140
Sep 03, 2025 4:39:20 PM org.openqa.selenium.chromium.ChromiumDriver lambda$new$5
WARNING: Unable to find version of CDP to use for 140.0.7339.80. You may need to include a dependency on a specific version of the CDP using something similar to `org.seleniumhq.selenium:selenium-devtools-v86:4.15.0` where the version ("v86") matches the version of the chromium-based browser you're using and the version number of the artifact is the same as Selenium's.
Sep 03, 2025 4:39:26 PM org.openqa.selenium.remote.http.WebSocket$Listener onError
WARNING: Connection reset
java.net.SocketException: Connection reset
	at java.base/sun.nio.ch.SocketChannelImpl.throwConnectionReset(SocketChannelImpl.java:401)
	at java.base/sun.nio.ch.SocketChannelImpl.read(SocketChannelImpl.java:434)
	at java.net.http/jdk.internal.net.http.SocketTube.readAvailable(SocketTube.java:1178)
	at java.net.http/jdk.internal.net.http.SocketTube$InternalReadPublisher$InternalReadSubscription.read(SocketTube.java:841)
	at java.net.http/jdk.internal.net.http.SocketTube$SocketFlowTask.run(SocketTube.java:181)
	at java.net.http/jdk.internal.net.http.common.SequentialScheduler$SchedulableTask.run(SequentialScheduler.java:207)
	at java.net.http/jdk.internal.net.http.common.SequentialScheduler.runOrSchedule(SequentialScheduler.java:280)
	at java.net.http/jdk.internal.net.http.common.SequentialScheduler.runOrSchedule(SequentialScheduler.java:233)
	at java.net.http/jdk.internal.net.http.SocketTube$InternalReadPublisher$InternalReadSubscription.signalReadable(SocketTube.java:782)
	at java.net.http/jdk.internal.net.http.SocketTube$InternalReadPublisher$ReadEvent.signalEvent(SocketTube.java:965)
	at java.net.http/jdk.internal.net.http.SocketTube$SocketFlowEvent.handle(SocketTube.java:253)
	at java.net.http/jdk.internal.net.http.HttpClientImpl$SelectorManager.handleEvent(HttpClientImpl.java:1477)
	at java.net.http/jdk.internal.net.http.HttpClientImpl$SelectorManager.lambda$run$3(HttpClientImpl.java:1422)
	at java.base/java.util.ArrayList.forEach(ArrayList.java:1596)
	at java.net.http/jdk.internal.net.http.HttpClientImpl$SelectorManager.run(HttpClientImpl.java:1422)

]]></system-err>
  </testcase>
  <testcase name="Adding and removing items as favourites" classname="Checking favourites Section" time="6.344">
    <system-out><![CDATA[
Scenario: Adding and removing items as favourites     &amp#27;[90m# src/test/resources/features/02Favourites.feature:2&amp#27;[0m
  &amp#27;[32mGiven &amp#27;[0m&amp#27;[32mHome page should be opened in default browser&amp#27;[0m &amp#27;[90m# StepDefinition.Favourites.home_page_should_be_opened_in_default_browser()&amp#27;[0m
  &amp#27;[32mWhen &amp#27;[0m&amp#27;[32mClick on signlink and signin&amp#27;[0m                   &amp#27;[90m# StepDefinition.Favourites.click_on_signlink_and_signin()&amp#27;[0m
  &amp#27;[32mAnd &amp#27;[0m&amp#27;[32madd an item to favourites&amp#27;[0m                       &amp#27;[90m# StepDefinition.Favourites.add_an_item_to_favourites()&amp#27;[0m
  &amp#27;[32mAnd &amp#27;[0m&amp#27;[32mcheck in favourites section&amp#27;[0m                     &amp#27;[90m# StepDefinition.Favourites.check_in_favourites_section()&amp#27;[0m
  &amp#27;[32mAnd &amp#27;[0m&amp#27;[32mclick on the logo&amp#27;[0m                               &amp#27;[90m# StepDefinition.Favourites.click_on_the_logo()&amp#27;[0m
  &amp#27;[32mAnd &amp#27;[0m&amp#27;[32mremove from favourites&amp#27;[0m                          &amp#27;[90m# StepDefinition.Favourites.remove_from_favourites()&amp#27;[0m
Favourites Done 
  &amp#27;[32mThen &amp#27;[0m&amp#27;[32mclose the driver&amp#27;[0m                               &amp#27;[90m# StepDefinition.Favourites.close_the_driver()&amp#27;[0m
]]></system-out>
    <system-err><![CDATA[Sep 03, 2025 4:39:27 PM org.openqa.selenium.devtools.CdpVersionFinder findNearestMatch
WARNING: Unable to find CDP implementation matching 140
Sep 03, 2025 4:39:27 PM org.openqa.selenium.chromium.ChromiumDriver lambda$new$5
WARNING: Unable to find version of CDP to use for 140.0.7339.80. You may need to include a dependency on a specific version of the CDP using something similar to `org.seleniumhq.selenium:selenium-devtools-v86:4.15.0` where the version ("v86") matches the version of the chromium-based browser you're using and the version number of the artifact is the same as Selenium's.
]]></system-err>
  </testcase>
  <testcase name="add to cart" classname="Checking add to cart functionality" time="8.133">
    <system-out><![CDATA[
Scenario: add to cart                        &amp#27;[90m# src/test/resources/features/03Addtocart.feature:2&amp#27;[0m
  &amp#27;[32mGiven &amp#27;[0m&amp#27;[32mHome page in default browser&amp#27;[0m         &amp#27;[90m# StepDefinition.AddtoCart.home_page_in_default_browser()&amp#27;[0m
  &amp#27;[32mWhen &amp#27;[0m&amp#27;[32mclick on sign and signin with details&amp#27;[0m &amp#27;[90m# StepDefinition.AddtoCart.click_on_sign_and_signin_with_details()&amp#27;[0m
  &amp#27;[32mAnd &amp#27;[0m&amp#27;[32mAdd an item to cart&amp#27;[0m                    &amp#27;[90m# StepDefinition.AddtoCart.add_an_item_to_cart()&amp#27;[0m
Item Added to cart 
  &amp#27;[32mThen &amp#27;[0m&amp#27;[32mclose the popup&amp#27;[0m                       &amp#27;[90m# StepDefinition.AddtoCart.close_the_popup()&amp#27;[0m
]]></system-out>
    <system-err><![CDATA[Sep 03, 2025 4:39:33 PM org.openqa.selenium.devtools.CdpVersionFinder findNearestMatch
WARNING: Unable to find CDP implementation matching 140
Sep 03, 2025 4:39:33 PM org.openqa.selenium.chromium.ChromiumDriver lambda$new$5
WARNING: Unable to find version of CDP to use for 140.0.7339.80. You may need to include a dependency on a specific version of the CDP using something similar to `org.seleniumhq.selenium:selenium-devtools-v86:4.15.0` where the version ("v86") matches the version of the chromium-based browser you're using and the version number of the artifact is the same as Selenium's.
]]></system-err>
  </testcase>
  <testcase name="Remove from cart" classname="Remove from cart" time="7.332">
    <system-out><![CDATA[
Scenario: Remove from cart               &amp#27;[90m# src/test/resources/features/04Removefromcart.feature:2&amp#27;[0m
  &amp#27;[32mGiven &amp#27;[0m&amp#27;[32mOpen homepage in default browser&amp#27;[0m &amp#27;[90m# StepDefinition.Removefromcart.open_homepage_in_default_browser()&amp#27;[0m
  &amp#27;[32mWhen &amp#27;[0m&amp#27;[32mclick on sign in and then login&amp#27;[0m   &amp#27;[90m# StepDefinition.Removefromcart.click_on_sign_in_and_then_login()&amp#27;[0m
  &amp#27;[32mAnd &amp#27;[0m&amp#27;[32madd an item to cart&amp#27;[0m                &amp#27;[90m# StepDefinition.Removefromcart.add_an_item_to_cart()&amp#27;[0m
  &amp#27;[32mAnd &amp#27;[0m&amp#27;[32mremove the item from cart&amp#27;[0m          &amp#27;[90m# StepDefinition.Removefromcart.remove_the_item_from_cart()&amp#27;[0m
Item removed from cart
  &amp#27;[32mThen &amp#27;[0m&amp#27;[32mclose the cart popup&amp#27;[0m              &amp#27;[90m# StepDefinition.Removefromcart.close_the_cart_popup()&amp#27;[0m
]]></system-out>
    <system-err><![CDATA[Sep 03, 2025 4:39:41 PM org.openqa.selenium.devtools.CdpVersionFinder findNearestMatch
WARNING: Unable to find CDP implementation matching 140
Sep 03, 2025 4:39:41 PM org.openqa.selenium.chromium.ChromiumDriver lambda$new$5
WARNING: Unable to find version of CDP to use for 140.0.7339.80. You may need to include a dependency on a specific version of the CDP using something similar to `org.seleniumhq.selenium:selenium-devtools-v86:4.15.0` where the version ("v86") matches the version of the chromium-based browser you're using and the version number of the artifact is the same as Selenium's.
]]></system-err>
  </testcase>
  <testcase name="checkout" classname="Checkout functionality" time="8.79">
    <system-out><![CDATA[
Scenario: checkout                                  &amp#27;[90m# src/test/resources/features/05checkout.feature:2&amp#27;[0m
  &amp#27;[32mGiven &amp#27;[0m&amp#27;[32mopen homepage in the default browser window&amp#27;[0m &amp#27;[90m# StepDefinition.Checkout.open_homepage_in_the_default_browser_window()&amp#27;[0m
  &amp#27;[32mWhen &amp#27;[0m&amp#27;[32mclick on signin link and then sign in&amp#27;[0m        &amp#27;[90m# StepDefinition.Checkout.click_on_signin_link_and_then_sign_in()&amp#27;[0m
  &amp#27;[32mAnd &amp#27;[0m&amp#27;[32madd a product to cart and click on checkout&amp#27;[0m   &amp#27;[90m# StepDefinition.Checkout.add_a_product_to_cart_and_click_on_checkout()&amp#27;[0m
  &amp#27;[32mAnd &amp#27;[0m&amp#27;[32madd all information and click on continue&amp#27;[0m     &amp#27;[90m# StepDefinition.Checkout.add_all_information_and_click_on_continue()&amp#27;[0m
  &amp#27;[32mAnd &amp#27;[0m&amp#27;[32mclick on download pdf&amp#27;[0m                         &amp#27;[90m# StepDefinition.Checkout.click_on_download_pdf()&amp#27;[0m
  &amp#27;[32mAnd &amp#27;[0m&amp#27;[32mclick on continue shopping&amp#27;[0m                    &amp#27;[90m# StepDefinition.Checkout.click_on_continue_shopping()&amp#27;[0m
Checkout process completed
  &amp#27;[32mThen &amp#27;[0m&amp#27;[32mclose browser&amp#27;[0m                                &amp#27;[90m# StepDefinition.Checkout.close_browser()&amp#27;[0m
]]></system-out>
    <system-err><![CDATA[Sep 03, 2025 4:39:49 PM org.openqa.selenium.devtools.CdpVersionFinder findNearestMatch
WARNING: Unable to find CDP implementation matching 140
Sep 03, 2025 4:39:49 PM org.openqa.selenium.chromium.ChromiumDriver lambda$new$5
WARNING: Unable to find version of CDP to use for 140.0.7339.80. You may need to include a dependency on a specific version of the CDP using something similar to `org.seleniumhq.selenium:selenium-devtools-v86:4.15.0` where the version ("v86") matches the version of the chromium-based browser you're using and the version number of the artifact is the same as Selenium's.
Sep 03, 2025 4:39:57 PM org.openqa.selenium.remote.http.WebSocket$Listener onError
WARNING: Connection reset
java.net.SocketException: Connection reset
	at java.base/sun.nio.ch.SocketChannelImpl.throwConnectionReset(SocketChannelImpl.java:401)
	at java.base/sun.nio.ch.SocketChannelImpl.read(SocketChannelImpl.java:434)
	at java.net.http/jdk.internal.net.http.SocketTube.readAvailable(SocketTube.java:1178)
	at java.net.http/jdk.internal.net.http.SocketTube$InternalReadPublisher$InternalReadSubscription.read(SocketTube.java:841)
	at java.net.http/jdk.internal.net.http.SocketTube$SocketFlowTask.run(SocketTube.java:181)
	at java.net.http/jdk.internal.net.http.common.SequentialScheduler$SchedulableTask.run(SequentialScheduler.java:207)
	at java.net.http/jdk.internal.net.http.common.SequentialScheduler.runOrSchedule(SequentialScheduler.java:280)
	at java.net.http/jdk.internal.net.http.common.SequentialScheduler.runOrSchedule(SequentialScheduler.java:233)
	at java.net.http/jdk.internal.net.http.SocketTube$InternalReadPublisher$InternalReadSubscription.signalReadable(SocketTube.java:782)
	at java.net.http/jdk.internal.net.http.SocketTube$InternalReadPublisher$ReadEvent.signalEvent(SocketTube.java:965)
	at java.net.http/jdk.internal.net.http.SocketTube$SocketFlowEvent.handle(SocketTube.java:253)
	at java.net.http/jdk.internal.net.http.HttpClientImpl$SelectorManager.handleEvent(HttpClientImpl.java:1477)
	at java.net.http/jdk.internal.net.http.HttpClientImpl$SelectorManager.lambda$run$3(HttpClientImpl.java:1422)
	at java.base/java.util.ArrayList.forEach(ArrayList.java:1596)
	at java.net.http/jdk.internal.net.http.HttpClientImpl$SelectorManager.run(HttpClientImpl.java:1422)

]]></system-err>
  </testcase>
  <testcase name="Vendors selection" classname="Vendors Selection" time="8.72">
    <system-out><![CDATA[
Scenario: Vendors selection                &amp#27;[90m# src/test/resources/features/06Vendors.feature:2&amp#27;[0m
  &amp#27;[32mGiven &amp#27;[0m&amp#27;[32mopen home page in defaults browser&amp#27;[0m &amp#27;[90m# StepDefinition.Vendorselect.open_home_page_in_defaults_browser()&amp#27;[0m
  &amp#27;[32mWhen &amp#27;[0m&amp#27;[32mselect vendors and deselect vendors&amp#27;[0m &amp#27;[90m# StepDefinition.Vendorselect.select_vendors_and_deselect_vendors()&amp#27;[0m
Vendors selection completed
  &amp#27;[32mThen &amp#27;[0m&amp#27;[32mclose the driveer&amp#27;[0m                   &amp#27;[90m# StepDefinition.Vendorselect.close_the_driveer()&amp#27;[0m
]]></system-out>
    <system-err><![CDATA[Sep 03, 2025 4:39:57 PM org.openqa.selenium.devtools.CdpVersionFinder findNearestMatch
WARNING: Unable to find CDP implementation matching 140
Sep 03, 2025 4:39:57 PM org.openqa.selenium.chromium.ChromiumDriver lambda$new$5
WARNING: Unable to find version of CDP to use for 140.0.7339.80. You may need to include a dependency on a specific version of the CDP using something similar to `org.seleniumhq.selenium:selenium-devtools-v86:4.15.0` where the version ("v86") matches the version of the chromium-based browser you're using and the version number of the artifact is the same as Selenium's.
]]></system-err>
  </testcase>
  <testcase name="Filters" classname="Checking Filters working or not" time="4.194">
    <system-out><![CDATA[
Scenario: Filters                               &amp#27;[90m# src/test/resources/features/07Filters.feature:2&amp#27;[0m
  &amp#27;[32mGiven &amp#27;[0m&amp#27;[32mopen the homepage in default browser&amp#27;[0m    &amp#27;[90m# StepDefinition.Filters.open_the_homepage_in_default_browser()&amp#27;[0m
  &amp#27;[32mWhen &amp#27;[0m&amp#27;[32mselct multiple selections using dropdown&amp#27;[0m &amp#27;[90m# StepDefinition.Filters.selct_multiple_selections_using_dropdown()&amp#27;[0m
Filters completed
  &amp#27;[32mThen &amp#27;[0m&amp#27;[32mclose the driver2&amp#27;[0m                        &amp#27;[90m# StepDefinition.Filters.close_the_driver2()&amp#27;[0m
]]></system-out>
    <system-err><![CDATA[Sep 03, 2025 4:40:06 PM org.openqa.selenium.devtools.CdpVersionFinder findNearestMatch
WARNING: Unable to find CDP implementation matching 140
Sep 03, 2025 4:40:06 PM org.openqa.selenium.chromium.ChromiumDriver lambda$new$5
WARNING: Unable to find version of CDP to use for 140.0.7339.80. You may need to include a dependency on a specific version of the CDP using something similar to `org.seleniumhq.selenium:selenium-devtools-v86:4.15.0` where the version ("v86") matches the version of the chromium-based browser you're using and the version number of the artifact is the same as Selenium's.
]]></system-err>
  </testcase>
  <testcase name="search feature #1" classname="Search Future" time="4.695">
    <system-out><![CDATA[
Scenario Outline: search feature                         &amp#27;[90m# src/test/resources/features/08Search.feature:8&amp#27;[0m
  &amp#27;[32mGiven &amp#27;[0m&amp#27;[32mopen home page in defaults browser1&amp#27;[0m              &amp#27;[90m# StepDefinition.Search.open_home_page_in_defaults_browser1()&amp#27;[0m
  &amp#27;[32mWhen &amp#27;[0m&amp#27;[32mgo to &amp#27;[0m&amp#27;[32m&amp#27;[1mApple&amp#27;[0m&amp#27;[32m and add some text and click on search&amp#27;[0m &amp#27;[90m# StepDefinition.Search.go_to_search_and_add_some_text_and_click_on_search(java.lang.String)&amp#27;[0m
Search Completed
  &amp#27;[32mThen &amp#27;[0m&amp#27;[32mclose driver&amp#27;[0m                                      &amp#27;[90m# StepDefinition.Search.close_driver()&amp#27;[0m
]]></system-out>
    <system-err><![CDATA[Sep 03, 2025 4:40:10 PM org.openqa.selenium.devtools.CdpVersionFinder findNearestMatch
WARNING: Unable to find CDP implementation matching 140
Sep 03, 2025 4:40:10 PM org.openqa.selenium.chromium.ChromiumDriver lambda$new$5
WARNING: Unable to find version of CDP to use for 140.0.7339.80. You may need to include a dependency on a specific version of the CDP using something similar to `org.seleniumhq.selenium:selenium-devtools-v86:4.15.0` where the version ("v86") matches the version of the chromium-based browser you're using and the version number of the artifact is the same as Selenium's.
]]></system-err>
  </testcase>
  <testcase name="search feature #2" classname="Search Future" time="5.247">
    <system-out><![CDATA[
Scenario Outline: search feature                          &amp#27;[90m# src/test/resources/features/08Search.feature:9&amp#27;[0m
  &amp#27;[32mGiven &amp#27;[0m&amp#27;[32mopen home page in defaults browser1&amp#27;[0m               &amp#27;[90m# StepDefinition.Search.open_home_page_in_defaults_browser1()&amp#27;[0m
  &amp#27;[32mWhen &amp#27;[0m&amp#27;[32mgo to &amp#27;[0m&amp#27;[32m&amp#27;[1mGoogle&amp#27;[0m&amp#27;[32m and add some text and click on search&amp#27;[0m &amp#27;[90m# StepDefinition.Search.go_to_search_and_add_some_text_and_click_on_search(java.lang.String)&amp#27;[0m
Search Completed
  &amp#27;[32mThen &amp#27;[0m&amp#27;[32mclose driver&amp#27;[0m                                       &amp#27;[90m# StepDefinition.Search.close_driver()&amp#27;[0m
]]></system-out>
    <system-err><![CDATA[Sep 03, 2025 4:40:15 PM org.openqa.selenium.devtools.CdpVersionFinder findNearestMatch
WARNING: Unable to find CDP implementation matching 140
Sep 03, 2025 4:40:15 PM org.openqa.selenium.chromium.ChromiumDriver lambda$new$5
WARNING: Unable to find version of CDP to use for 140.0.7339.80. You may need to include a dependency on a specific version of the CDP using something similar to `org.seleniumhq.selenium:selenium-devtools-v86:4.15.0` where the version ("v86") matches the version of the chromium-based browser you're using and the version number of the artifact is the same as Selenium's.
]]></system-err>
  </testcase>
  <testcase name="search feature #3" classname="Search Future" time="4.749">
    <system-out><![CDATA[
Scenario Outline: search feature                        &amp#27;[90m# src/test/resources/features/08Search.feature:10&amp#27;[0m
  &amp#27;[32mGiven &amp#27;[0m&amp#27;[32mopen home page in defaults browser1&amp#27;[0m             &amp#27;[90m# StepDefinition.Search.open_home_page_in_defaults_browser1()&amp#27;[0m
  &amp#27;[32mWhen &amp#27;[0m&amp#27;[32mgo to &amp#27;[0m&amp#27;[32m&amp#27;[1mVivo&amp#27;[0m&amp#27;[32m and add some text and click on search&amp#27;[0m &amp#27;[90m# StepDefinition.Search.go_to_search_and_add_some_text_and_click_on_search(java.lang.String)&amp#27;[0m
Search Completed
  &amp#27;[32mThen &amp#27;[0m&amp#27;[32mclose driver&amp#27;[0m                                     &amp#27;[90m# StepDefinition.Search.close_driver()&amp#27;[0m
]]></system-out>
    <system-err><![CDATA[Sep 03, 2025 4:40:20 PM org.openqa.selenium.devtools.CdpVersionFinder findNearestMatch
WARNING: Unable to find CDP implementation matching 140
Sep 03, 2025 4:40:20 PM org.openqa.selenium.chromium.ChromiumDriver lambda$new$5
WARNING: Unable to find version of CDP to use for 140.0.7339.80. You may need to include a dependency on a specific version of the CDP using something similar to `org.seleniumhq.selenium:selenium-devtools-v86:4.15.0` where the version ("v86") matches the version of the chromium-based browser you're using and the version number of the artifact is the same as Selenium's.
Sep 03, 2025 4:40:24 PM org.openqa.selenium.remote.http.WebSocket$Listener onError
WARNING: Connection reset
java.net.SocketException: Connection reset
	at java.base/sun.nio.ch.SocketChannelImpl.throwConnectionReset(SocketChannelImpl.java:401)
	at java.base/sun.nio.ch.SocketChannelImpl.read(SocketChannelImpl.java:434)
	at java.net.http/jdk.internal.net.http.SocketTube.readAvailable(SocketTube.java:1178)
	at java.net.http/jdk.internal.net.http.SocketTube$InternalReadPublisher$InternalReadSubscription.read(SocketTube.java:841)
	at java.net.http/jdk.internal.net.http.SocketTube$SocketFlowTask.run(SocketTube.java:181)
	at java.net.http/jdk.internal.net.http.common.SequentialScheduler$SchedulableTask.run(SequentialScheduler.java:207)
	at java.net.http/jdk.internal.net.http.common.SequentialScheduler.runOrSchedule(SequentialScheduler.java:280)
	at java.net.http/jdk.internal.net.http.common.SequentialScheduler.runOrSchedule(SequentialScheduler.java:233)
	at java.net.http/jdk.internal.net.http.SocketTube$InternalReadPublisher$InternalReadSubscription.signalReadable(SocketTube.java:782)
	at java.net.http/jdk.internal.net.http.SocketTube$InternalReadPublisher$ReadEvent.signalEvent(SocketTube.java:965)
	at java.net.http/jdk.internal.net.http.SocketTube$SocketFlowEvent.handle(SocketTube.java:253)
	at java.net.http/jdk.internal.net.http.HttpClientImpl$SelectorManager.handleEvent(HttpClientImpl.java:1477)
	at java.net.http/jdk.internal.net.http.HttpClientImpl$SelectorManager.lambda$run$3(HttpClientImpl.java:1422)
	at java.base/java.util.ArrayList.forEach(ArrayList.java:1596)
	at java.net.http/jdk.internal.net.http.HttpClientImpl$SelectorManager.run(HttpClientImpl.java:1422)

]]></system-err>
  </testcase>
  <testcase name="search feature #4" classname="Search Future" time="5.304">
    <system-out><![CDATA[
Scenario Outline: search feature                        &amp#27;[90m# src/test/resources/features/08Search.feature:11&amp#27;[0m
  &amp#27;[32mGiven &amp#27;[0m&amp#27;[32mopen home page in defaults browser1&amp#27;[0m             &amp#27;[90m# StepDefinition.Search.open_home_page_in_defaults_browser1()&amp#27;[0m
  &amp#27;[32mWhen &amp#27;[0m&amp#27;[32mgo to &amp#27;[0m&amp#27;[32m&amp#27;[1mOppo&amp#27;[0m&amp#27;[32m and add some text and click on search&amp#27;[0m &amp#27;[90m# StepDefinition.Search.go_to_search_and_add_some_text_and_click_on_search(java.lang.String)&amp#27;[0m
Search Completed
  &amp#27;[32mThen &amp#27;[0m&amp#27;[32mclose driver&amp#27;[0m                                     &amp#27;[90m# StepDefinition.Search.close_driver()&amp#27;[0m
]]></system-out>
    <system-err><![CDATA[Sep 03, 2025 4:40:25 PM org.openqa.selenium.devtools.CdpVersionFinder findNearestMatch
WARNING: Unable to find CDP implementation matching 140
Sep 03, 2025 4:40:25 PM org.openqa.selenium.chromium.ChromiumDriver lambda$new$5
WARNING: Unable to find version of CDP to use for 140.0.7339.80. You may need to include a dependency on a specific version of the CDP using something similar to `org.seleniumhq.selenium:selenium-devtools-v86:4.15.0` where the version ("v86") matches the version of the chromium-based browser you're using and the version number of the artifact is the same as Selenium's.
Sep 03, 2025 4:40:29 PM org.openqa.selenium.remote.http.WebSocket$Listener onError
WARNING: Connection reset
java.net.SocketException: Connection reset
	at java.base/sun.nio.ch.SocketChannelImpl.throwConnectionReset(SocketChannelImpl.java:401)
	at java.base/sun.nio.ch.SocketChannelImpl.read(SocketChannelImpl.java:434)
	at java.net.http/jdk.internal.net.http.SocketTube.readAvailable(SocketTube.java:1178)
	at java.net.http/jdk.internal.net.http.SocketTube$InternalReadPublisher$InternalReadSubscription.read(SocketTube.java:841)
	at java.net.http/jdk.internal.net.http.SocketTube$SocketFlowTask.run(SocketTube.java:181)
	at java.net.http/jdk.internal.net.http.common.SequentialScheduler$SchedulableTask.run(SequentialScheduler.java:207)
	at java.net.http/jdk.internal.net.http.common.SequentialScheduler.runOrSchedule(SequentialScheduler.java:280)
	at java.net.http/jdk.internal.net.http.common.SequentialScheduler.runOrSchedule(SequentialScheduler.java:233)
	at java.net.http/jdk.internal.net.http.SocketTube$InternalReadPublisher$InternalReadSubscription.signalReadable(SocketTube.java:782)
	at java.net.http/jdk.internal.net.http.SocketTube$InternalReadPublisher$ReadEvent.signalEvent(SocketTube.java:965)
	at java.net.http/jdk.internal.net.http.SocketTube$SocketFlowEvent.handle(SocketTube.java:253)
	at java.net.http/jdk.internal.net.http.HttpClientImpl$SelectorManager.handleEvent(HttpClientImpl.java:1477)
	at java.net.http/jdk.internal.net.http.HttpClientImpl$SelectorManager.lambda$run$3(HttpClientImpl.java:1422)
	at java.base/java.util.ArrayList.forEach(ArrayList.java:1596)
	at java.net.http/jdk.internal.net.http.HttpClientImpl$SelectorManager.run(HttpClientImpl.java:1422)

]]></system-err>
  </testcase>
  <testcase name="search feature #5" classname="Search Future" time="5.224">
    <system-out><![CDATA[
Scenario Outline: search feature                           &amp#27;[90m# src/test/resources/features/08Search.feature:12&amp#27;[0m
  &amp#27;[32mGiven &amp#27;[0m&amp#27;[32mopen home page in defaults browser1&amp#27;[0m                &amp#27;[90m# StepDefinition.Search.open_home_page_in_defaults_browser1()&amp#27;[0m
  &amp#27;[32mWhen &amp#27;[0m&amp#27;[32mgo to &amp#27;[0m&amp#27;[32m&amp#27;[1mSamsung&amp#27;[0m&amp#27;[32m and add some text and click on search&amp#27;[0m &amp#27;[90m# StepDefinition.Search.go_to_search_and_add_some_text_and_click_on_search(java.lang.String)&amp#27;[0m
Search Completed
  &amp#27;[32mThen &amp#27;[0m&amp#27;[32mclose driver&amp#27;[0m                                        &amp#27;[90m# StepDefinition.Search.close_driver()&amp#27;[0m
]]></system-out>
    <system-err><![CDATA[Sep 03, 2025 4:40:30 PM org.openqa.selenium.devtools.CdpVersionFinder findNearestMatch
WARNING: Unable to find CDP implementation matching 140
Sep 03, 2025 4:40:30 PM org.openqa.selenium.chromium.ChromiumDriver lambda$new$5
WARNING: Unable to find version of CDP to use for 140.0.7339.80. You may need to include a dependency on a specific version of the CDP using something similar to `org.seleniumhq.selenium:selenium-devtools-v86:4.15.0` where the version ("v86") matches the version of the chromium-based browser you're using and the version number of the artifact is the same as Selenium's.
]]></system-err>
  </testcase>
  <testcase name="Footer links" classname="Checking Footer links" time="5.495">
    <system-out><![CDATA[
Scenario: Footer links                  &amp#27;[90m# src/test/resources/features/09Footerlink.feature:2&amp#27;[0m
  &amp#27;[32mGiven &amp#27;[0m&amp#27;[32mopen homepage in defalt browser&amp#27;[0m &amp#27;[90m# StepDefinition.Footerlinks.open_homepage_in_defalt_browser()&amp#27;[0m
  &amp#27;[32mWhen &amp#27;[0m&amp#27;[32mclick on the link in footer&amp#27;[0m      &amp#27;[90m# StepDefinition.Footerlinks.click_on_the_link_in_footer()&amp#27;[0m
Footer link Clicked
  &amp#27;[32mThen &amp#27;[0m&amp#27;[32mprint message&amp#27;[0m                    &amp#27;[90m# StepDefinition.Footerlinks.print_message()&amp#27;[0m
]]></system-out>
    <system-err><![CDATA[Sep 03, 2025 4:40:35 PM org.openqa.selenium.devtools.CdpVersionFinder findNearestMatch
WARNING: Unable to find CDP implementation matching 140
Sep 03, 2025 4:40:35 PM org.openqa.selenium.chromium.ChromiumDriver lambda$new$5
WARNING: Unable to find version of CDP to use for 140.0.7339.80. You may need to include a dependency on a specific version of the CDP using something similar to `org.seleniumhq.selenium:selenium-devtools-v86:4.15.0` where the version ("v86") matches the version of the chromium-based browser you're using and the version number of the artifact is the same as Selenium's.
]]></system-err>
  </testcase>
  <testcase name="subscribe email" classname="Subscribe email" time="4.837">
    <system-out><![CDATA[
Scenario: subscribe email                       &amp#27;[90m# src/test/resources/features/10Subscribemail.feature:2&amp#27;[0m
  &amp#27;[32mGiven &amp#27;[0m&amp#27;[32mopen homepages in default browser&amp#27;[0m       &amp#27;[90m# StepDefinition.Subscribeemail.open_homepages_in_default_browser()&amp#27;[0m
  &amp#27;[32mWhen &amp#27;[0m&amp#27;[32mgo and enter email in subscribe mail box&amp#27;[0m &amp#27;[90m# StepDefinition.Subscribeemail.go_and_enter_email_in_subscribe_mail_box()&amp#27;[0m
Subscribe email Completed
  &amp#27;[32mThen &amp#27;[0m&amp#27;[32mclos the browser&amp#27;[0m                         &amp#27;[90m# StepDefinition.Subscribeemail.clos_the_browser()&amp#27;[0m
]]></system-out>
    <system-err><![CDATA[Sep 03, 2025 4:40:41 PM org.openqa.selenium.devtools.CdpVersionFinder findNearestMatch
WARNING: Unable to find CDP implementation matching 140
Sep 03, 2025 4:40:41 PM org.openqa.selenium.chromium.ChromiumDriver lambda$new$5
WARNING: Unable to find version of CDP to use for 140.0.7339.80. You may need to include a dependency on a specific version of the CDP using something similar to `org.seleniumhq.selenium:selenium-devtools-v86:4.15.0` where the version ("v86") matches the version of the chromium-based browser you're using and the version number of the artifact is the same as Selenium's.
]]></system-err>
  </testcase>
  <testcase name="header links" classname="Header links" time="11.581">
    <system-out><![CDATA[
Scenario: header links                  &amp#27;[90m# src/test/resources/features/11HeaderLinks.feature:2&amp#27;[0m
  &amp#27;[32mGiven &amp#27;[0m&amp#27;[32mopen website in default browser&amp#27;[0m &amp#27;[90m# StepDefinition.Headerlinks.open_website_in_default_browser()&amp#27;[0m
  &amp#27;[32mWhen &amp#27;[0m&amp#27;[32mclick on sign and signin&amp#27;[0m         &amp#27;[90m# StepDefinition.Headerlinks.click_on_sign_and_signin()&amp#27;[0m
  &amp#27;[32mAnd &amp#27;[0m&amp#27;[32mnavigate to offers&amp#27;[0m                &amp#27;[90m# StepDefinition.Headerlinks.navigate_to_offers()&amp#27;[0m
  &amp#27;[32mAnd &amp#27;[0m&amp#27;[32mnavigate to favourites&amp#27;[0m            &amp#27;[90m# StepDefinition.Headerlinks.navigate_to_favourites()&amp#27;[0m
  &amp#27;[32mAnd &amp#27;[0m&amp#27;[32mnavigate to orders&amp#27;[0m                &amp#27;[90m# StepDefinition.Headerlinks.navigate_to_orders()&amp#27;[0m
Header links clicked
  &amp#27;[32mThen &amp#27;[0m&amp#27;[32mclose the browser4&amp#27;[0m               &amp#27;[90m# StepDefinition.Headerlinks.close_the_browser4()&amp#27;[0m
]]></system-out>
    <system-err><![CDATA[Sep 03, 2025 4:40:46 PM org.openqa.selenium.devtools.CdpVersionFinder findNearestMatch
WARNING: Unable to find CDP implementation matching 140
Sep 03, 2025 4:40:46 PM org.openqa.selenium.chromium.ChromiumDriver lambda$new$5
WARNING: Unable to find version of CDP to use for 140.0.7339.80. You may need to include a dependency on a specific version of the CDP using something similar to `org.seleniumhq.selenium:selenium-devtools-v86:4.15.0` where the version ("v86") matches the version of the chromium-based browser you're using and the version number of the artifact is the same as Selenium's.
Sep 03, 2025 4:40:57 PM org.openqa.selenium.remote.http.WebSocket$Listener onError
WARNING: Connection reset
java.net.SocketException: Connection reset
	at java.base/sun.nio.ch.SocketChannelImpl.throwConnectionReset(SocketChannelImpl.java:401)
	at java.base/sun.nio.ch.SocketChannelImpl.read(SocketChannelImpl.java:434)
	at java.net.http/jdk.internal.net.http.SocketTube.readAvailable(SocketTube.java:1178)
	at java.net.http/jdk.internal.net.http.SocketTube$InternalReadPublisher$InternalReadSubscription.read(SocketTube.java:841)
	at java.net.http/jdk.internal.net.http.SocketTube$SocketFlowTask.run(SocketTube.java:181)
	at java.net.http/jdk.internal.net.http.common.SequentialScheduler$SchedulableTask.run(SequentialScheduler.java:207)
	at java.net.http/jdk.internal.net.http.common.SequentialScheduler.runOrSchedule(SequentialScheduler.java:280)
	at java.net.http/jdk.internal.net.http.common.SequentialScheduler.runOrSchedule(SequentialScheduler.java:233)
	at java.net.http/jdk.internal.net.http.SocketTube$InternalReadPublisher$InternalReadSubscription.signalReadable(SocketTube.java:782)
	at java.net.http/jdk.internal.net.http.SocketTube$InternalReadPublisher$ReadEvent.signalEvent(SocketTube.java:965)
	at java.net.http/jdk.internal.net.http.SocketTube$SocketFlowEvent.handle(SocketTube.java:253)
	at java.net.http/jdk.internal.net.http.HttpClientImpl$SelectorManager.handleEvent(HttpClientImpl.java:1477)
	at java.net.http/jdk.internal.net.http.HttpClientImpl$SelectorManager.lambda$run$3(HttpClientImpl.java:1422)
	at java.base/java.util.ArrayList.forEach(ArrayList.java:1596)
	at java.net.http/jdk.internal.net.http.HttpClientImpl$SelectorManager.run(HttpClientImpl.java:1422)

]]></system-err>
  </testcase>
  <testcase name="LOGOUT" classname="Logout Functionality" time="35.04">
    <system-out><![CDATA[
Scenario: LOGOUT                                      &amp#27;[90m# src/test/resources/features/12Logout.feature:2&amp#27;[0m
  &amp#27;[32mGiven &amp#27;[0m&amp#27;[32mopen browser stack website in default browser&amp#27;[0m &amp#27;[90m# StepDefinition.Logout.open_browser_stack_website_in_default_browser()&amp#27;[0m
  &amp#27;[32mWhen &amp#27;[0m&amp#27;[32mclick on signin and then signin&amp#27;[0m                &amp#27;[90m# StepDefinition.Logout.click_on_signin_and_then_signin()&amp#27;[0m
  &amp#27;[32mAnd &amp#27;[0m&amp#27;[32mclick on logout&amp#27;[0m                                 &amp#27;[90m# StepDefinition.Logout.click_on_logout()&amp#27;[0m
Logout done successfully
  &amp#27;[32mThen &amp#27;[0m&amp#27;[32mclose the browser8&amp#27;[0m                             &amp#27;[90m# StepDefinition.Logout.close_the_browser8()&amp#27;[0m
]]></system-out>
    <system-err><![CDATA[Sep 03, 2025 4:40:58 PM org.openqa.selenium.devtools.CdpVersionFinder findNearestMatch
WARNING: Unable to find CDP implementation matching 140
Sep 03, 2025 4:40:58 PM org.openqa.selenium.chromium.ChromiumDriver lambda$new$5
WARNING: Unable to find version of CDP to use for 140.0.7339.80. You may need to include a dependency on a specific version of the CDP using something similar to `org.seleniumhq.selenium:selenium-devtools-v86:4.15.0` where the version ("v86") matches the version of the chromium-based browser you're using and the version number of the artifact is the same as Selenium's.
]]></system-err>
  </testcase>
</testsuite>